  C_Loader.c
F:\capstone-adversary-emulation-tool\Implementation\C_Loader\C_Loader.c(61,40): warning C4047: 'function': 'DWORD' differs in levels of indirection from 'DWORD *'
F:\capstone-adversary-emulation-tool\Implementation\C_Loader\C_Loader.c(61,28): warning C4024: 'Base64Decode': different types for formal and actual parameter 2
F:\capstone-adversary-emulation-tool\Implementation\C_Loader\C_Loader.c(44,30): warning C4267: 'initializing': conversion from 'size_t' to 'DWORD', possible loss of data
F:\capstone-adversary-emulation-tool\Implementation\C_Loader\C_Loader.c(52,30): warning C4267: 'initializing': conversion from 'size_t' to 'DWORD', possible loss of data
F:\capstone-adversary-emulation-tool\Implementation\C_Loader\C_Loader.c(58,12): warning C4047: 'initializing': 'DWORD *' differs in levels of indirection from 'size_t'
F:\capstone-adversary-emulation-tool\Implementation\C_Loader\C_Loader.c(84,12): warning C4047: 'initializing': 'DWORD *' differs in levels of indirection from 'DWORD'
F:\capstone-adversary-emulation-tool\Implementation\C_Loader\C_Loader.c(138,88): warning C4047: 'function': 'DWORD' differs in levels of indirection from 'void *'
F:\capstone-adversary-emulation-tool\Implementation\C_Loader\C_Loader.c(138,84): warning C4024: 'CreateFileMappingW': different types for formal and actual parameter 4
F:\capstone-adversary-emulation-tool\Implementation\C_Loader\C_Loader.c(138,90): warning C4244: 'function': conversion from 'SIZE_T' to 'DWORD', possible loss of data
F:\capstone-adversary-emulation-tool\Implementation\C_Loader\C_Loader.c(139,79): warning C4047: 'function': 'DWORD' differs in levels of indirection from 'void *'
F:\capstone-adversary-emulation-tool\Implementation\C_Loader\C_Loader.c(139,75): warning C4024: 'MapViewOfFile': different types for formal and actual parameter 3
F:\capstone-adversary-emulation-tool\Implementation\C_Loader\C_Loader.c(139,85): warning C4047: 'function': 'DWORD' differs in levels of indirection from 'void *'
F:\capstone-adversary-emulation-tool\Implementation\C_Loader\C_Loader.c(139,81): warning C4024: 'MapViewOfFile': different types for formal and actual parameter 4
F:\capstone-adversary-emulation-tool\Implementation\C_Loader\C_Loader.c(141,1): warning C4102: '_EndOfFunction': unreferenced label
F:\capstone-adversary-emulation-tool\Implementation\C_Loader\C_Loader.c(162,38): warning C4047: 'function': 'SIZE_T' differs in levels of indirection from 'void *'
F:\capstone-adversary-emulation-tool\Implementation\C_Loader\C_Loader.c(162,34): warning C4024: 'CreateThread': different types for formal and actual parameter 2
F:\capstone-adversary-emulation-tool\Implementation\C_Loader\C_Loader.c(162,60): warning C4047: 'function': 'DWORD' differs in levels of indirection from 'void *'
F:\capstone-adversary-emulation-tool\Implementation\C_Loader\C_Loader.c(162,56): warning C4024: 'CreateThread': different types for formal and actual parameter 5
  Generating code
  0 of 6 functions ( 0.0%) were compiled, the rest were copied from previous compilation.
    0 functions were new in current compilation
    0 functions had inline decision re-evaluated but remain unchanged
  Finished generating code
  C_Loader.vcxproj -> F:\capstone-adversary-emulation-tool\Implementation\CapstoneInterface\x64\Release\C_Loader.exe
