  main.c
F:\capstone-adversary-emulation-tool\Research\MalDev Academy\ClassicalInjection\HellsGate\main.c(119,9): warning C4477: 'printf' : format string '%d' requires an argument of type 'int', but variadic argument 2 has type 'SIZE_T'
F:\capstone-adversary-emulation-tool\Research\MalDev Academy\ClassicalInjection\HellsGate\main.c(119,9): message : consider using '%lld' in the format string
F:\capstone-adversary-emulation-tool\Research\MalDev Academy\ClassicalInjection\HellsGate\main.c(119,9): message : consider using '%Id' in the format string
F:\capstone-adversary-emulation-tool\Research\MalDev Academy\ClassicalInjection\HellsGate\main.c(119,9): message : consider using '%I64d' in the format string
F:\capstone-adversary-emulation-tool\Research\MalDev Academy\ClassicalInjection\HellsGate\main.c(126,9): warning C4477: 'printf' : format string '%d' requires an argument of type 'int', but variadic argument 1 has type 'SIZE_T'
F:\capstone-adversary-emulation-tool\Research\MalDev Academy\ClassicalInjection\HellsGate\main.c(126,9): message : consider using '%lld' in the format string
F:\capstone-adversary-emulation-tool\Research\MalDev Academy\ClassicalInjection\HellsGate\main.c(126,9): message : consider using '%Id' in the format string
F:\capstone-adversary-emulation-tool\Research\MalDev Academy\ClassicalInjection\HellsGate\main.c(126,9): message : consider using '%I64d' in the format string
F:\capstone-adversary-emulation-tool\Research\MalDev Academy\ClassicalInjection\HellsGate\main.c(130,10): warning C4477: 'printf' : format string '%d' requires an argument of type 'int', but variadic argument 1 has type 'SIZE_T'
F:\capstone-adversary-emulation-tool\Research\MalDev Academy\ClassicalInjection\HellsGate\main.c(130,10): message : consider using '%lld' in the format string
F:\capstone-adversary-emulation-tool\Research\MalDev Academy\ClassicalInjection\HellsGate\main.c(130,10): message : consider using '%Id' in the format string
F:\capstone-adversary-emulation-tool\Research\MalDev Academy\ClassicalInjection\HellsGate\main.c(130,10): message : consider using '%I64d' in the format string
F:\capstone-adversary-emulation-tool\Research\MalDev Academy\ClassicalInjection\HellsGate\main.c(130,10): warning C4477: 'printf' : format string '%d' requires an argument of type 'int', but variadic argument 2 has type 'SIZE_T'
F:\capstone-adversary-emulation-tool\Research\MalDev Academy\ClassicalInjection\HellsGate\main.c(130,10): message : consider using '%lld' in the format string
F:\capstone-adversary-emulation-tool\Research\MalDev Academy\ClassicalInjection\HellsGate\main.c(130,10): message : consider using '%Id' in the format string
F:\capstone-adversary-emulation-tool\Research\MalDev Academy\ClassicalInjection\HellsGate\main.c(130,10): message : consider using '%I64d' in the format string
F:\capstone-adversary-emulation-tool\Research\MalDev Academy\ClassicalInjection\HellsGate\main.c(105,9): warning C4047: 'initializing': 'ULONG' differs in levels of indirection from 'void *'
F:\capstone-adversary-emulation-tool\Research\MalDev Academy\ClassicalInjection\HellsGate\main.c(108,5): warning C4047: 'initializing': 'SIZE_T' differs in levels of indirection from 'void *'
  HellsGate.vcxproj -> F:\capstone-adversary-emulation-tool\Research\MalDev Academy\ClassicalInjection\x64\Debug\HellsGate.exe
