  main.c
F:\capstone-adversary-emulation-tool\Research\MalDev Academy\ClassicalInjection\ClassicalInjection\main.c(112,9): warning C4477: 'printf' : format string '%d' requires an argument of type 'int', but variadic argument 2 has type 'SIZE_T'
F:\capstone-adversary-emulation-tool\Research\MalDev Academy\ClassicalInjection\ClassicalInjection\main.c(112,9): message : consider using '%lld' in the format string
F:\capstone-adversary-emulation-tool\Research\MalDev Academy\ClassicalInjection\ClassicalInjection\main.c(112,9): message : consider using '%Id' in the format string
F:\capstone-adversary-emulation-tool\Research\MalDev Academy\ClassicalInjection\ClassicalInjection\main.c(112,9): message : consider using '%I64d' in the format string
F:\capstone-adversary-emulation-tool\Research\MalDev Academy\ClassicalInjection\ClassicalInjection\main.c(119,9): warning C4477: 'printf' : format string '%d' requires an argument of type 'int', but variadic argument 1 has type 'SIZE_T'
F:\capstone-adversary-emulation-tool\Research\MalDev Academy\ClassicalInjection\ClassicalInjection\main.c(119,9): message : consider using '%lld' in the format string
F:\capstone-adversary-emulation-tool\Research\MalDev Academy\ClassicalInjection\ClassicalInjection\main.c(119,9): message : consider using '%Id' in the format string
F:\capstone-adversary-emulation-tool\Research\MalDev Academy\ClassicalInjection\ClassicalInjection\main.c(119,9): message : consider using '%I64d' in the format string
F:\capstone-adversary-emulation-tool\Research\MalDev Academy\ClassicalInjection\ClassicalInjection\main.c(120,71): warning C4244: 'function': conversion from 'SIZE_T' to 'ULONG', possible loss of data
F:\capstone-adversary-emulation-tool\Research\MalDev Academy\ClassicalInjection\ClassicalInjection\main.c(120,85): warning C4133: 'function': incompatible types - from 'SIZE_T *' to 'PULONG'
F:\capstone-adversary-emulation-tool\Research\MalDev Academy\ClassicalInjection\ClassicalInjection\main.c(122,10): warning C4477: 'printf' : format string '%d' requires an argument of type 'int', but variadic argument 1 has type 'SIZE_T'
F:\capstone-adversary-emulation-tool\Research\MalDev Academy\ClassicalInjection\ClassicalInjection\main.c(122,10): message : consider using '%lld' in the format string
F:\capstone-adversary-emulation-tool\Research\MalDev Academy\ClassicalInjection\ClassicalInjection\main.c(122,10): message : consider using '%Id' in the format string
F:\capstone-adversary-emulation-tool\Research\MalDev Academy\ClassicalInjection\ClassicalInjection\main.c(122,10): message : consider using '%I64d' in the format string
F:\capstone-adversary-emulation-tool\Research\MalDev Academy\ClassicalInjection\ClassicalInjection\main.c(122,10): warning C4477: 'printf' : format string '%d' requires an argument of type 'int', but variadic argument 2 has type 'SIZE_T'
F:\capstone-adversary-emulation-tool\Research\MalDev Academy\ClassicalInjection\ClassicalInjection\main.c(122,10): message : consider using '%lld' in the format string
F:\capstone-adversary-emulation-tool\Research\MalDev Academy\ClassicalInjection\ClassicalInjection\main.c(122,10): message : consider using '%Id' in the format string
F:\capstone-adversary-emulation-tool\Research\MalDev Academy\ClassicalInjection\ClassicalInjection\main.c(122,10): message : consider using '%I64d' in the format string
F:\capstone-adversary-emulation-tool\Research\MalDev Academy\ClassicalInjection\ClassicalInjection\main.c(140,102): warning C4047: 'function': 'ULONG' differs in levels of indirection from 'void *'
F:\capstone-adversary-emulation-tool\Research\MalDev Academy\ClassicalInjection\ClassicalInjection\main.c(140,98): warning C4024: 'St': different types for formal and actual parameter 7
F:\capstone-adversary-emulation-tool\Research\MalDev Academy\ClassicalInjection\ClassicalInjection\main.c(140,108): warning C4047: 'function': 'SIZE_T' differs in levels of indirection from 'void *'
F:\capstone-adversary-emulation-tool\Research\MalDev Academy\ClassicalInjection\ClassicalInjection\main.c(140,104): warning C4024: 'St': different types for formal and actual parameter 8
F:\capstone-adversary-emulation-tool\Research\MalDev Academy\ClassicalInjection\ClassicalInjection\main.c(140,114): warning C4047: 'function': 'SIZE_T' differs in levels of indirection from 'void *'
F:\capstone-adversary-emulation-tool\Research\MalDev Academy\ClassicalInjection\ClassicalInjection\main.c(140,110): warning C4024: 'St': different types for formal and actual parameter 9
F:\capstone-adversary-emulation-tool\Research\MalDev Academy\ClassicalInjection\ClassicalInjection\main.c(140,120): warning C4047: 'function': 'SIZE_T' differs in levels of indirection from 'void *'
F:\capstone-adversary-emulation-tool\Research\MalDev Academy\ClassicalInjection\ClassicalInjection\main.c(140,116): warning C4024: 'St': different types for formal and actual parameter 10
F:\capstone-adversary-emulation-tool\Research\MalDev Academy\ClassicalInjection\ClassicalInjection\main.c(92,9): warning C4047: 'initializing': 'ULONG' differs in levels of indirection from 'void *'
F:\capstone-adversary-emulation-tool\Research\MalDev Academy\ClassicalInjection\ClassicalInjection\main.c(95,5): warning C4047: 'initializing': 'SIZE_T' differs in levels of indirection from 'void *'
  ClassicalInjection.vcxproj -> F:\capstone-adversary-emulation-tool\Research\MalDev Academy\ClassicalInjection\x64\Debug\ClassicalInjection.exe
